13:37:38.008 [TestNG-tests-1] DEBUG io.netty.buffer.PooledByteBufAllocator - -Dio.netty.allocator.maxCachedByteBuffersPerChunk: 1023
13:37:38.123 [TestNG-tests-1] DEBUG io.netty.buffer.ByteBufUtil - -Dio.netty.allocator.type: pooled
13:37:38.123 [TestNG-tests-1] DEBUG io.netty.buffer.ByteBufUtil - -Dio.netty.threadLocalDirectBufferSize: 0
13:37:38.123 [TestNG-tests-1] DEBUG io.netty.buffer.ByteBufUtil - -Dio.netty.maxThreadLocalCharBufferSize: 16384
13:37:39.053 [Forwarding newSession on session null to remote] DEBUG io.netty.channel.DefaultChannelId - -Dio.netty.processId: 22472 (auto-detected)
13:37:39.057 [Forwarding newSession on session null to remote] DEBUG io.netty.util.NetUtil - -Djava.net.preferIPv4Stack: false
13:37:39.057 [Forwarding newSession on session null to remote] DEBUG io.netty.util.NetUtil - -Djava.net.preferIPv6Addresses: false
13:37:39.392 [Forwarding newSession on session null to remote] DEBUG io.netty.util.NetUtilInitializations - Loopback interface: lo (Software Loopback Interface 1, 127.0.0.1)
13:37:39.394 [Forwarding newSession on session null to remote] DEBUG io.netty.util.NetUtil - Failed to get SOMAXCONN from sysctl and file \proc\sys\net\core\somaxconn. Default: 200
13:37:39.736 [Forwarding newSession on session null to remote] DEBUG io.netty.channel.DefaultChannelId - -Dio.netty.machineId: 7c:67:a2:ff:fe:63:71:fd (auto-detected)
13:37:39.811 [AsyncHttpClient-1-2] DEBUG io.netty.buffer.AbstractByteBuf - -Dio.netty.buffer.checkAccessible: true
13:37:39.811 [AsyncHttpClient-1-2] DEBUG io.netty.buffer.AbstractByteBuf - -Dio.netty.buffer.checkBounds: true
13:37:39.811 [AsyncHttpClient-1-2] DEBUG io.netty.util.ResourceLeakDetectorFactory - Loaded default ResourceLeakDetector: io.netty.util.ResourceLeakDetector@635dd932
13:37:39.851 [AsyncHttpClient-1-2] DEBUG io.netty.util.Recycler - -Dio.netty.recycler.maxCapacityPerThread: 4096
13:37:39.851 [AsyncHttpClient-1-2] DEBUG io.netty.util.Recycler - -Dio.netty.recycler.maxSharedCapacityFactor: 2
13:37:39.851 [AsyncHttpClient-1-2] DEBUG io.netty.util.Recycler - -Dio.netty.recycler.linkCapacity: 16
13:37:39.851 [AsyncHttpClient-1-2] DEBUG io.netty.util.Recycler - -Dio.netty.recycler.ratio: 8
13:37:39.852 [AsyncHttpClient-1-2] DEBUG io.netty.util.Recycler - -Dio.netty.recycler.delayedQueue.ratio: 8
13:37:41.445 [TestNG-tests-1] DEBUG io.netty.util.internal.ThreadLocalRandom - -Dio.netty.initialSeedUniquifier: 0x84e04c8495535f6a
13:37:41.503 [TestNG-tests-1] INFO  testCases.TC_001_AccountRegistration - Launched chrome Browser
13:37:41.548 [TestNG-tests-1] INFO  testCases.TC_001_AccountRegistration - Strating TC_001_AccountRegistration
13:37:44.262 [TestNG-tests-1] INFO  testCases.TC_001_AccountRegistration - Home Page Displayed 
13:37:44.932 [TestNG-tests-1] INFO  testCases.TC_001_AccountRegistration - Clicked on My Account 
13:37:46.563 [TestNG-tests-1] INFO  testCases.TC_001_AccountRegistration - Clicked on Register 
13:37:46.796 [TestNG-tests-1] INFO  testCases.TC_001_AccountRegistration - Provided First Name 
13:37:46.910 [TestNG-tests-1] INFO  testCases.TC_001_AccountRegistration - Provided Last Name 
13:37:47.050 [TestNG-tests-1] INFO  testCases.TC_001_AccountRegistration - Provided Email 
13:37:47.163 [TestNG-tests-1] INFO  testCases.TC_001_AccountRegistration - Provided Telephone 
13:37:47.341 [TestNG-tests-1] INFO  testCases.TC_001_AccountRegistration - Provided Password 
13:37:47.472 [TestNG-tests-1] INFO  testCases.TC_001_AccountRegistration - Provided Confrmed Password 
13:37:47.578 [TestNG-tests-1] INFO  testCases.TC_001_AccountRegistration - Set Privacy Policy 
13:37:50.252 [TestNG-tests-1] INFO  testCases.TC_001_AccountRegistration - Clicked on Continue 
13:37:55.309 [TestNG-tests-1] INFO  testCases.TC_001_AccountRegistration - Account Registration Success 
13:37:55.311 [TestNG-tests-1] INFO  testCases.TC_001_AccountRegistration - Finished TC_001_AccountRegistration
13:37:55.336 [AsyncHttpClient-1-4] TRACE io.netty.handler.codec.http.websocketx.WebSocket08FrameEncoder - Encoding WebSocket Frame opCode=8 length=26
13:37:58.350 [TestNG-tests-1] INFO  testCases.TC_002_Login - Launched chrome Browser
13:37:58.366 [TestNG-tests-1] INFO  testCases.TC_002_Login -  Starting TC_002_Login 
13:38:04.149 [TestNG-tests-1] INFO  testCases.TC_002_Login - Home Page Displayed 
13:38:04.432 [TestNG-tests-1] INFO  testCases.TC_002_Login - Clicked on My Account 
13:38:06.807 [TestNG-tests-1] INFO  testCases.TC_002_Login - Clicked on Login 
13:38:07.258 [TestNG-tests-1] INFO  testCases.TC_002_Login - Provided Email 
13:38:07.422 [TestNG-tests-1] INFO  testCases.TC_002_Login - Provided Password 
13:38:10.687 [TestNG-tests-1] INFO  testCases.TC_002_Login - Clicked on Login
13:38:15.815 [TestNG-tests-1] INFO  testCases.TC_002_Login - Login Success 
13:38:15.815 [TestNG-tests-1] INFO  testCases.TC_002_Login -  Finished TC_002_Login 
13:38:15.817 [AsyncHttpClient-1-7] TRACE io.netty.handler.codec.http.websocketx.WebSocket08FrameEncoder - Encoding WebSocket Frame opCode=8 length=26
13:38:18.384 [TestNG-tests-1] INFO  testCases.TC_004Search - Launched chrome Browser
13:38:18.409 [TestNG-tests-1] INFO  testCases.TC_004Search -  Starting TC_004_Search 
13:38:20.970 [TestNG-tests-1] INFO  testCases.TC_004Search - Home Page Displayed 
13:38:23.340 [TestNG-tests-1] INFO  testCases.TC_004Search - Enter any Product
13:38:36.770 [TestNG-tests-1] ERROR testCases.TC_004Search - Search Success 
13:38:36.942 [TestNG-tests-1] INFO  testCases.TC_004Search -  Finished TC_004Search 
13:38:36.946 [AsyncHttpClient-1-2] TRACE io.netty.handler.codec.http.websocketx.WebSocket08FrameEncoder - Encoding WebSocket Frame opCode=8 length=26
13:38:39.415 [TestNG-tests-1] INFO  testCases.TC_005_Addcart - Launched chrome Browser
13:38:39.443 [TestNG-tests-1] INFO  testCases.TC_005_Addcart - Starting TC_005_Addcart
13:38:41.971 [TestNG-tests-1] INFO  testCases.TC_005_Addcart - Home Page Displayed 
13:38:45.311 [TestNG-tests-1] INFO  testCases.TC_005_Addcart - Enter any Product
13:38:49.996 [TestNG-tests-1] INFO  testCases.TC_005_Addcart - product displayed on HomePage
13:38:50.099 [TestNG-tests-1] INFO  testCases.TC_005_Addcart - product added to cart
13:38:55.224 [TestNG-tests-1] INFO  testCases.TC_005_Addcart - product added to viewcart
13:38:59.943 [TestNG-tests-1] INFO  testCases.TC_005_Addcart - product added to view
13:39:10.065 [TestNG-tests-1] ERROR testCases.TC_005_Addcart - Add cart  Page Failed 
13:39:10.259 [AsyncHttpClient-1-5] TRACE io.netty.handler.codec.http.websocketx.WebSocket08FrameEncoder - Encoding WebSocket Frame opCode=8 length=26
13:39:12.631 [TestNG-tests-1] INFO  testCases.TC_006_ProductCompare - Launched chrome Browser
13:39:12.647 [TestNG-tests-1] INFO  testCases.TC_006_ProductCompare - Strating TC_006_ProductCompare
13:39:15.334 [TestNG-tests-1] INFO  testCases.TC_006_ProductCompare - Home Page Displayed 
13:39:18.685 [TestNG-tests-1] INFO  testCases.TC_006_ProductCompare - Enter any Product
13:39:23.284 [TestNG-tests-1] INFO  testCases.TC_006_ProductCompare - product displayed on HomePage
13:39:26.379 [TestNG-tests-1] INFO  testCases.TC_006_ProductCompare - products comparing
13:39:31.731 [AsyncHttpClient-1-8] TRACE io.netty.handler.codec.http.websocketx.WebSocket08FrameEncoder - Encoding WebSocket Frame opCode=8 length=26
13:39:34.277 [TestNG-tests-1] INFO  testCases.TC_007_WishList - Launched chrome Browser
13:39:34.301 [TestNG-tests-1] INFO  testCases.TC_007_WishList - Starting TC_007_WishList
13:39:37.642 [TestNG-tests-1] INFO  testCases.TC_007_WishList - Home Page Displayed 
13:39:40.022 [TestNG-tests-1] INFO  testCases.TC_007_WishList - Enter any Product
13:39:53.624 [TestNG-tests-1] INFO  testCases.TC_007_WishList - Provided Email 
13:39:53.756 [TestNG-tests-1] INFO  testCases.TC_007_WishList - Provided Password 
13:39:56.446 [TestNG-tests-1] INFO  testCases.TC_007_WishList - Clicked on Login
13:40:06.498 [TestNG-tests-1] ERROR testCases.TC_007_WishList - Search Success 
13:40:06.633 [TestNG-tests-1] INFO  testCases.TC_007_WishList -  Finished TC_007_WishList 
13:40:06.635 [AsyncHttpClient-1-3] TRACE io.netty.handler.codec.http.websocketx.WebSocket08FrameEncoder - Encoding WebSocket Frame opCode=8 length=26
13:40:09.312 [TestNG-tests-1] INFO  testCases.TC_008_ProductDisplayPage - Launched chrome Browser
13:40:09.326 [TestNG-tests-1] INFO  testCases.TC_008_ProductDisplayPage - Starting TC_008_ProductDisplayPage
13:40:12.163 [TestNG-tests-1] INFO  testCases.TC_008_ProductDisplayPage - Home Page Displayed 
13:40:14.523 [TestNG-tests-1] INFO  testCases.TC_008_ProductDisplayPage - Enter any Product
13:40:17.232 [TestNG-tests-1] INFO  testCases.TC_008_ProductDisplayPage - click the search button
13:40:22.652 [TestNG-tests-1] INFO  testCases.TC_008_ProductDisplayPage - click the image
13:40:26.803 [TestNG-tests-1] INFO  testCases.TC_008_ProductDisplayPage - click the Product
13:40:26.936 [TestNG-tests-1] INFO  testCases.TC_008_ProductDisplayPage - click the Product Review
13:40:30.050 [TestNG-tests-1] INFO  testCases.TC_008_ProductDisplayPage - ProductDisplayPage  success 
13:40:30.050 [TestNG-tests-1] INFO  testCases.TC_008_ProductDisplayPage -  Finished TC_008_ProductDisplayPage
13:40:30.051 [AsyncHttpClient-1-6] TRACE io.netty.handler.codec.http.websocketx.WebSocket08FrameEncoder - Encoding WebSocket Frame opCode=8 length=26
13:40:32.636 [TestNG-tests-1] INFO  testCases.TC_009_ForgotPassword - Launched chrome Browser
13:40:32.659 [TestNG-tests-1] INFO  testCases.TC_009_ForgotPassword - Starting TC_009_ForgotPassword
13:40:35.468 [TestNG-tests-1] INFO  testCases.TC_009_ForgotPassword - Home Page Displayed 
13:40:35.964 [TestNG-tests-1] INFO  testCases.TC_009_ForgotPassword - Clicked on My Account 
13:40:37.401 [TestNG-tests-1] INFO  testCases.TC_009_ForgotPassword - Clicked on Login 
13:40:37.738 [TestNG-tests-1] INFO  testCases.TC_009_ForgotPassword - Provided Email 
13:40:42.392 [TestNG-tests-1] INFO  testCases.TC_009_ForgotPassword - Provided confirmation email
13:40:47.271 [TestNG-tests-1] INFO  testCases.TC_009_ForgotPassword - Finished TC_009_ForgotPassword
13:40:50.275 [AsyncHttpClient-1-9] TRACE io.netty.handler.codec.http.websocketx.WebSocket08FrameEncoder - Encoding WebSocket Frame opCode=8 length=26
13:40:52.765 [TestNG-tests-1] INFO  testCases.TC_010_ShoppingCart - Launched chrome Browser
13:40:52.781 [TestNG-tests-1] INFO  testCases.TC_010_ShoppingCart - Starting TC_010_ShoppingCart
13:40:55.765 [TestNG-tests-1] INFO  testCases.TC_010_ShoppingCart - Home Page Displayed 
13:40:56.057 [TestNG-tests-1] INFO  testCases.TC_010_ShoppingCart - Search iMac is  Displayed 
13:40:57.684 [TestNG-tests-1] INFO  testCases.TC_010_ShoppingCart - Search Button clicked 
13:41:00.770 [TestNG-tests-1] INFO  testCases.TC_010_ShoppingCart - Add to Cart clicked 
13:41:07.507 [TestNG-tests-1] INFO  testCases.TC_010_ShoppingCart - Shopping Cart clicked 
13:41:12.598 [TestNG-tests-1] INFO  testCases.TC_010_ShoppingCart - Use Coupon Code Clicked
13:41:14.755 [TestNG-tests-1] INFO  testCases.TC_010_ShoppingCart - Entered Use Coupon Code 
13:41:14.853 [TestNG-tests-1] INFO  testCases.TC_010_ShoppingCart - Estimated Shipping and Taxes clicked
13:41:16.033 [TestNG-tests-1] INFO  testCases.TC_010_ShoppingCart - Selected Country
13:41:19.164 [TestNG-tests-1] INFO  testCases.TC_010_ShoppingCart - Selected State
13:41:20.288 [TestNG-tests-1] INFO  testCases.TC_010_ShoppingCart - Selected PostCode
13:41:21.424 [TestNG-tests-1] INFO  testCases.TC_010_ShoppingCart - Get Quotes button clicked
13:41:22.474 [TestNG-tests-1] INFO  testCases.TC_010_ShoppingCart - Selected Radio button
13:41:23.561 [TestNG-tests-1] INFO  testCases.TC_010_ShoppingCart - Clicked Apply Shippiment
13:41:28.662 [TestNG-tests-1] INFO  testCases.TC_010_ShoppingCart - Selected Use Gift Certificate
13:41:28.829 [TestNG-tests-1] INFO  testCases.TC_010_ShoppingCart - Entered Gift certificate cade entered in the text box
13:41:29.926 [TestNG-tests-1] INFO  testCases.TC_010_ShoppingCart - clicked Entered Apply Gift Certificate
13:41:32.469 [TestNG-tests-1] INFO  testCases.TC_010_ShoppingCart - click on Continue Shopping
13:41:35.491 [AsyncHttpClient-1-4] TRACE io.netty.handler.codec.http.websocketx.WebSocket08FrameEncoder - Encoding WebSocket Frame opCode=8 length=26
13:41:38.009 [TestNG-tests-1] INFO  testCases.TC_011_Checkout - Launched chrome Browser
13:41:38.033 [TestNG-tests-1] INFO  testCases.TC_011_Checkout -  Starting TC_004_Search 
13:41:40.393 [TestNG-tests-1] INFO  testCases.TC_011_Checkout - Home Page Displayed 
13:41:42.740 [TestNG-tests-1] INFO  testCases.TC_011_Checkout - Enter any Product
13:41:44.340 [TestNG-tests-1] INFO  testCases.TC_011_Checkout - click on the search button
13:41:45.470 [TestNG-tests-1] INFO  testCases.TC_011_Checkout - click on the add to cart button
13:41:46.636 [TestNG-tests-1] INFO  testCases.TC_011_Checkout - click on the view cart
13:41:51.316 [TestNG-tests-1] INFO  testCases.TC_011_Checkout - click on the shopping cart
13:41:57.914 [TestNG-tests-1] INFO  testCases.TC_011_Checkout - click on the Checkout
13:41:59.036 [TestNG-tests-1] INFO  testCases.TC_011_Checkout - Checkout Failed 
13:41:59.282 [AsyncHttpClient-1-7] TRACE io.netty.handler.codec.http.websocketx.WebSocket08FrameEncoder - Encoding WebSocket Frame opCode=8 length=26
13:42:01.659 [TestNG-tests-1] INFO  testCases.TC_012_MyAccount - Launched chrome Browser
13:42:01.679 [TestNG-tests-1] INFO  testCases.TC_012_MyAccount -  Starting TC_012_MyAccount 
13:42:05.047 [TestNG-tests-1] INFO  testCases.TC_012_MyAccount - Home Page Displayed 
13:42:05.457 [TestNG-tests-1] INFO  testCases.TC_012_MyAccount - Clicked on My Account 
13:42:06.882 [TestNG-tests-1] INFO  testCases.TC_012_MyAccount - Clicked on Login 
13:42:07.202 [TestNG-tests-1] INFO  testCases.TC_012_MyAccount - Provided Email 
13:42:07.355 [TestNG-tests-1] INFO  testCases.TC_012_MyAccount - Provided Password 
13:42:10.221 [TestNG-tests-1] INFO  testCases.TC_012_MyAccount - Clicked on Login
13:42:13.366 [TestNG-tests-1] INFO  testCases.TC_012_MyAccount - Click on MyAccount
13:42:14.811 [TestNG-tests-1] INFO  testCases.TC_012_MyAccount - Click on OrderHistory 
13:42:17.941 [TestNG-tests-1] INFO  testCases.TC_012_MyAccount - Click on MyAccount
13:42:23.216 [TestNG-tests-1] INFO  testCases.TC_012_MyAccount - Click on LogOut
13:42:24.703 [TestNG-tests-1] INFO  testCases.TC_012_MyAccount - Click on SiteMap Link
13:42:27.711 [TestNG-tests-1] INFO  testCases.TC_012_MyAccount - Finished TC_012_MyAccount
13:42:27.714 [AsyncHttpClient-1-2] TRACE io.netty.handler.codec.http.websocketx.WebSocket08FrameEncoder - Encoding WebSocket Frame opCode=8 length=26
13:42:30.216 [TestNG-tests-1] INFO  testCases.TC_013_MyAccountInformation - Launched chrome Browser
13:42:30.237 [TestNG-tests-1] INFO  testCases.TC_013_MyAccountInformation -  Starting TC_013_MyAccountInformation 
13:42:32.818 [TestNG-tests-1] INFO  testCases.TC_013_MyAccountInformation - Home Page Displayed 
13:42:33.370 [TestNG-tests-1] INFO  testCases.TC_013_MyAccountInformation - Clicked on My Account 
13:42:35.063 [TestNG-tests-1] INFO  testCases.TC_013_MyAccountInformation - Clicked on Login 
13:42:35.399 [TestNG-tests-1] INFO  testCases.TC_013_MyAccountInformation - Provided Email 
13:42:35.541 [TestNG-tests-1] INFO  testCases.TC_013_MyAccountInformation - Provided Password 
13:42:38.176 [TestNG-tests-1] INFO  testCases.TC_013_MyAccountInformation - Clicked on Login
13:42:42.733 [TestNG-tests-1] INFO  testCases.TC_013_MyAccountInformation - Click on Edit Your Account Infomation
13:42:45.901 [TestNG-tests-1] INFO  testCases.TC_013_MyAccountInformation - Edit Telephone number
13:42:48.903 [TestNG-tests-1] INFO  testCases.TC_013_MyAccountInformation - Finished TC_013_MyAccountInformation
13:42:48.905 [AsyncHttpClient-1-5] TRACE io.netty.handler.codec.http.websocketx.WebSocket08FrameEncoder - Encoding WebSocket Frame opCode=8 length=26
13:42:51.332 [TestNG-tests-1] INFO  testCases.TC_014_ChangePassword - Launched chrome Browser
13:42:51.349 [TestNG-tests-1] INFO  testCases.TC_014_ChangePassword -  Starting TC_013_MyAccountInformation 
13:42:54.226 [TestNG-tests-1] INFO  testCases.TC_014_ChangePassword - Home Page Displayed 
13:42:54.610 [TestNG-tests-1] INFO  testCases.TC_014_ChangePassword - Clicked on My Account 
13:42:56.016 [TestNG-tests-1] INFO  testCases.TC_014_ChangePassword - Clicked on Login 
13:42:56.320 [TestNG-tests-1] INFO  testCases.TC_014_ChangePassword - Provided Email 
13:42:56.464 [TestNG-tests-1] INFO  testCases.TC_014_ChangePassword - Provided Password 
13:42:59.003 [TestNG-tests-1] INFO  testCases.TC_014_ChangePassword - Clicked on Login
13:43:10.894 [TestNG-tests-1] INFO  testCases.TC_014_ChangePassword - Home Page Displayed
13:43:13.899 [AsyncHttpClient-1-8] TRACE io.netty.handler.codec.http.websocketx.WebSocket08FrameEncoder - Encoding WebSocket Frame opCode=8 length=26
13:43:16.261 [TestNG-tests-1] INFO  testCases.TC_015_AddressBook - Launched chrome Browser
13:43:16.274 [TestNG-tests-1] INFO  testCases.TC_015_AddressBook -  Starting TC_015_AddressBook
13:43:18.925 [TestNG-tests-1] INFO  testCases.TC_015_AddressBook - Home Page Displayed 
13:43:19.565 [TestNG-tests-1] INFO  testCases.TC_015_AddressBook - Clicked on My Account 
13:43:21.037 [TestNG-tests-1] INFO  testCases.TC_015_AddressBook - Clicked on Login 
13:43:21.345 [TestNG-tests-1] INFO  testCases.TC_015_AddressBook - Provided Email 
13:43:21.473 [TestNG-tests-1] INFO  testCases.TC_015_AddressBook - Provided Password 
13:43:24.047 [TestNG-tests-1] INFO  testCases.TC_015_AddressBook - Clicked on Login
13:43:28.524 [TestNG-tests-1] INFO  testCases.TC_015_AddressBook - click on AddressBook
13:43:33.277 [TestNG-tests-1] INFO  testCases.TC_015_AddressBook - click on new AddressBook
13:43:34.667 [TestNG-tests-1] INFO  testCases.TC_015_AddressBook - Click on Back Button
13:43:37.677 [TestNG-tests-1] INFO  testCases.TC_015_AddressBook - Finished TC_015_AddressBook
13:43:37.682 [AsyncHttpClient-1-3] TRACE io.netty.handler.codec.http.websocketx.WebSocket08FrameEncoder - Encoding WebSocket Frame opCode=8 length=26
13:43:40.046 [TestNG-tests-1] INFO  testCases.TC_016_OderHistory - Launched chrome Browser
13:43:40.069 [TestNG-tests-1] INFO  testCases.TC_016_OderHistory -  Starting TC_016_OrderHistory
13:43:42.774 [TestNG-tests-1] INFO  testCases.TC_016_OderHistory - Home Page Displayed 
13:43:43.200 [TestNG-tests-1] INFO  testCases.TC_016_OderHistory - Clicked on My Account 
13:43:44.735 [TestNG-tests-1] INFO  testCases.TC_016_OderHistory - Clicked on Login 
13:43:45.063 [TestNG-tests-1] INFO  testCases.TC_016_OderHistory - Provided Email 
13:43:45.242 [TestNG-tests-1] INFO  testCases.TC_016_OderHistory - Provided Password 
13:43:47.746 [TestNG-tests-1] INFO  testCases.TC_016_OderHistory - Clicked on Login
13:43:52.294 [TestNG-tests-1] INFO  testCases.TC_016_OderHistory - Clicked on Order History
13:43:55.297 [TestNG-tests-1] INFO  testCases.TC_016_OderHistory - Finished TC_016_OrderHistory
13:43:55.299 [AsyncHttpClient-1-6] TRACE io.netty.handler.codec.http.websocketx.WebSocket08FrameEncoder - Encoding WebSocket Frame opCode=8 length=26
13:43:57.674 [TestNG-tests-1] INFO  testCases.TC_017_Downloads - Launched chrome Browser
13:43:57.688 [TestNG-tests-1] INFO  testCases.TC_017_Downloads -  Starting TC_016_OrderHistory
13:44:00.989 [TestNG-tests-1] INFO  testCases.TC_017_Downloads - Home Page Displayed 
13:44:01.290 [TestNG-tests-1] INFO  testCases.TC_017_Downloads - Clicked on My Account 
13:44:02.741 [TestNG-tests-1] INFO  testCases.TC_017_Downloads - Clicked on Login 
13:44:03.061 [TestNG-tests-1] INFO  testCases.TC_017_Downloads - Provided Email 
13:44:03.183 [TestNG-tests-1] INFO  testCases.TC_017_Downloads - Provided Password 
13:44:05.723 [TestNG-tests-1] INFO  testCases.TC_017_Downloads - Clicked on Login
13:44:10.276 [TestNG-tests-1] INFO  testCases.TC_017_Downloads - Clicked on Site Map
13:44:11.707 [TestNG-tests-1] INFO  testCases.TC_017_Downloads - Clicked on Download
13:44:14.720 [TestNG-tests-1] INFO  testCases.TC_017_Downloads - Finished TC_017_Downloads
13:44:14.724 [AsyncHttpClient-1-9] TRACE io.netty.handler.codec.http.websocketx.WebSocket08FrameEncoder - Encoding WebSocket Frame opCode=8 length=26
13:44:17.084 [TestNG-tests-1] INFO  testCases.TC_018_RewardPoints - Launched chrome Browser
13:44:17.111 [TestNG-tests-1] INFO  testCases.TC_018_RewardPoints -  Starting TC_016_OrderHistory
13:44:20.172 [TestNG-tests-1] INFO  testCases.TC_018_RewardPoints - Home Page Displayed 
13:44:20.856 [TestNG-tests-1] INFO  testCases.TC_018_RewardPoints - Clicked on My Account 
13:44:22.370 [TestNG-tests-1] INFO  testCases.TC_018_RewardPoints - Clicked on Login 
13:44:22.647 [TestNG-tests-1] INFO  testCases.TC_018_RewardPoints - Provided Email 
13:44:22.834 [TestNG-tests-1] INFO  testCases.TC_018_RewardPoints - Provided Password 
13:44:25.399 [TestNG-tests-1] INFO  testCases.TC_018_RewardPoints - Clicked on Login
13:44:32.877 [TestNG-tests-1] INFO  testCases.TC_018_RewardPoints - Click on  RewardPoints
13:44:32.877 [TestNG-tests-1] INFO  testCases.TC_018_RewardPoints - Finished TC_018_RewardPoints
13:44:32.881 [AsyncHttpClient-1-4] TRACE io.netty.handler.codec.http.websocketx.WebSocket08FrameEncoder - Encoding WebSocket Frame opCode=8 length=26
13:44:35.580 [TestNG-tests-1] INFO  testCases.TC_019_Returns - Launched chrome Browser
13:44:35.598 [TestNG-tests-1] INFO  testCases.TC_019_Returns -  Starting TC_016_OrderHistory
13:44:38.382 [TestNG-tests-1] INFO  testCases.TC_019_Returns - Home Page Displayed 
13:44:38.955 [TestNG-tests-1] INFO  testCases.TC_019_Returns - Clicked on My Account 
13:44:40.454 [TestNG-tests-1] INFO  testCases.TC_019_Returns - Clicked on Login 
13:44:40.783 [TestNG-tests-1] INFO  testCases.TC_019_Returns - Provided Email 
13:44:40.928 [TestNG-tests-1] INFO  testCases.TC_019_Returns - Provided Password 
13:44:43.428 [TestNG-tests-1] INFO  testCases.TC_019_Returns - Clicked on Login
13:44:50.901 [TestNG-tests-1] INFO  testCases.TC_019_Returns - Click on Returns
13:44:50.901 [TestNG-tests-1] INFO  testCases.TC_019_Returns - Finished TC_019_Returns
13:44:50.902 [AsyncHttpClient-1-7] TRACE io.netty.handler.codec.http.websocketx.WebSocket08FrameEncoder - Encoding WebSocket Frame opCode=8 length=26
13:44:53.324 [TestNG-tests-1] INFO  testCases.TC_020_Transections - Launched chrome Browser
13:44:53.343 [TestNG-tests-1] INFO  testCases.TC_020_Transections -  Starting TC_016_OrderHistory
13:44:56.590 [TestNG-tests-1] INFO  testCases.TC_020_Transections - Home Page Displayed 
13:44:57.140 [TestNG-tests-1] INFO  testCases.TC_020_Transections - Clicked on My Account 
13:44:58.666 [TestNG-tests-1] INFO  testCases.TC_020_Transections - Clicked on Login 
13:44:58.999 [TestNG-tests-1] INFO  testCases.TC_020_Transections - Provided Email 
13:44:59.146 [TestNG-tests-1] INFO  testCases.TC_020_Transections - Provided Password 
13:45:01.799 [TestNG-tests-1] INFO  testCases.TC_020_Transections - Clicked on Login
13:45:06.309 [TestNG-tests-1] INFO  testCases.TC_020_Transections - Clicked on Transections
13:45:09.311 [TestNG-tests-1] INFO  testCases.TC_020_Transections - Finished TC_020_Transections
13:45:09.313 [AsyncHttpClient-1-2] TRACE io.netty.handler.codec.http.websocketx.WebSocket08FrameEncoder - Encoding WebSocket Frame opCode=8 length=26
13:45:11.835 [TestNG-tests-1] INFO  testCases.TC_021_RecurringPayment - Launched chrome Browser
13:45:11.849 [TestNG-tests-1] INFO  testCases.TC_021_RecurringPayment -  Starting TC_021_RecurringPayment
13:45:14.741 [TestNG-tests-1] INFO  testCases.TC_021_RecurringPayment - Home Page Displayed 
13:45:15.135 [TestNG-tests-1] INFO  testCases.TC_021_RecurringPayment - Clicked on My Account 
13:45:16.593 [TestNG-tests-1] INFO  testCases.TC_021_RecurringPayment - Clicked on Login 
13:45:16.952 [TestNG-tests-1] INFO  testCases.TC_021_RecurringPayment - Provided Email 
13:45:17.094 [TestNG-tests-1] INFO  testCases.TC_021_RecurringPayment - Provided Password 
13:45:19.658 [TestNG-tests-1] INFO  testCases.TC_021_RecurringPayment - Clicked on Login
13:45:24.122 [TestNG-tests-1] INFO  testCases.TC_021_RecurringPayment - Clicked on Recurring Payement
13:45:27.134 [TestNG-tests-1] INFO  testCases.TC_021_RecurringPayment - Finished TC_021_RecurringPayment
13:45:27.138 [AsyncHttpClient-1-5] TRACE io.netty.handler.codec.http.websocketx.WebSocket08FrameEncoder - Encoding WebSocket Frame opCode=8 length=26
13:45:29.691 [TestNG-tests-1] INFO  testCases.TC_022_Newsletter - Launched chrome Browser
13:45:29.708 [TestNG-tests-1] INFO  testCases.TC_022_Newsletter -  Starting TC_022_NewsLetter
13:45:32.460 [TestNG-tests-1] INFO  testCases.TC_022_Newsletter - Home Page Displayed 
13:45:33.093 [TestNG-tests-1] INFO  testCases.TC_022_Newsletter - Clicked on My Account 
13:45:34.670 [TestNG-tests-1] INFO  testCases.TC_022_Newsletter - Clicked on Login 
13:45:34.967 [TestNG-tests-1] INFO  testCases.TC_022_Newsletter - Provided Email 
13:45:35.103 [TestNG-tests-1] INFO  testCases.TC_022_Newsletter - Provided Password 
13:45:37.622 [TestNG-tests-1] INFO  testCases.TC_022_Newsletter - Clicked on Login
13:45:45.030 [TestNG-tests-1] INFO  testCases.TC_022_Newsletter - Clicked on NewsLetter
13:45:48.122 [TestNG-tests-1] INFO  testCases.TC_022_Newsletter - Clicked on NewsLetter radio button
13:45:53.636 [TestNG-tests-1] INFO  testCases.TC_022_Newsletter - Clicked on Contionue Button
13:45:53.636 [TestNG-tests-1] INFO  testCases.TC_022_Newsletter - Finished TC_022_News Letter
13:45:53.638 [AsyncHttpClient-1-8] TRACE io.netty.handler.codec.http.websocketx.WebSocket08FrameEncoder - Encoding WebSocket Frame opCode=8 length=26
13:45:56.039 [TestNG-tests-1] INFO  testCases.TC_023_Affiliate - Launched chrome Browser
13:45:56.087 [TestNG-tests-1] INFO  testCases.TC_023_Affiliate -  Starting TC_023_Affiliate
13:45:59.054 [TestNG-tests-1] INFO  testCases.TC_023_Affiliate - Home Page Displayed 
13:45:59.553 [TestNG-tests-1] INFO  testCases.TC_023_Affiliate - Clicked on My Account 
13:46:00.982 [TestNG-tests-1] INFO  testCases.TC_023_Affiliate - Clicked on Login 
13:46:01.294 [TestNG-tests-1] INFO  testCases.TC_023_Affiliate - Provided Email 
13:46:01.468 [TestNG-tests-1] INFO  testCases.TC_023_Affiliate - Provided Password 
13:46:04.014 [TestNG-tests-1] INFO  testCases.TC_023_Affiliate - Clicked on Login
13:46:08.817 [TestNG-tests-1] INFO  testCases.TC_023_Affiliate - Click Edit your affilicate information
13:46:08.986 [TestNG-tests-1] INFO  testCases.TC_023_Affiliate - Enter Company Name
13:46:09.165 [TestNG-tests-1] INFO  testCases.TC_023_Affiliate - Enter WebSite Name
13:46:09.307 [TestNG-tests-1] INFO  testCases.TC_023_Affiliate - Enter tax
13:46:09.388 [TestNG-tests-1] INFO  testCases.TC_023_Affiliate - Select Payment Mehtod
13:46:09.534 [TestNG-tests-1] INFO  testCases.TC_023_Affiliate - Enter Cheque Payee Name
13:46:19.038 [TestNG-tests-1] INFO  testCases.TC_023_Affiliate - Finishe TC_023_Affiliate
13:46:19.042 [AsyncHttpClient-1-3] TRACE io.netty.handler.codec.http.websocketx.WebSocket08FrameEncoder - Encoding WebSocket Frame opCode=8 length=26
13:46:21.448 [TestNG-tests-1] INFO  testCases.TC_024_ContactUs - Launched chrome Browser
13:46:21.465 [TestNG-tests-1] INFO  testCases.TC_024_ContactUs -  Starting TC_015_AddressBook
13:46:24.363 [TestNG-tests-1] INFO  testCases.TC_024_ContactUs - Home Page Displayed 
13:46:24.785 [TestNG-tests-1] INFO  testCases.TC_024_ContactUs - Clicked on My Account 
13:46:26.325 [TestNG-tests-1] INFO  testCases.TC_024_ContactUs - Clicked on Login 
13:46:26.652 [TestNG-tests-1] INFO  testCases.TC_024_ContactUs - Provided Email 
13:46:26.812 [TestNG-tests-1] INFO  testCases.TC_024_ContactUs - Provided Password 
13:46:29.328 [TestNG-tests-1] INFO  testCases.TC_024_ContactUs - Clicked on Login
13:46:33.913 [TestNG-tests-1] INFO  testCases.TC_024_ContactUs - click on Contact Us Link
13:46:36.075 [TestNG-tests-1] INFO  testCases.TC_024_ContactUs - Entered Enquiry Message
13:46:40.523 [TestNG-tests-1] INFO  testCases.TC_024_ContactUs - click on Submit Button
13:46:42.526 [TestNG-tests-1] INFO  testCases.TC_024_ContactUs - Finished TC_024_CotactUs
13:46:42.530 [AsyncHttpClient-1-6] TRACE io.netty.handler.codec.http.websocketx.WebSocket08FrameEncoder - Encoding WebSocket Frame opCode=8 length=26
13:46:45.013 [TestNG-tests-1] INFO  testCases.TC_025_SpecialOffer - Launched chrome Browser
13:46:45.030 [TestNG-tests-1] INFO  testCases.TC_025_SpecialOffer -  Starting TC_015_AddressBook
13:46:47.416 [TestNG-tests-1] INFO  testCases.TC_025_SpecialOffer - Home Page Displayed 
13:46:48.031 [TestNG-tests-1] INFO  testCases.TC_025_SpecialOffer - Clicked on My Account 
13:46:49.559 [TestNG-tests-1] INFO  testCases.TC_025_SpecialOffer - Clicked on Login 
13:46:49.873 [TestNG-tests-1] INFO  testCases.TC_025_SpecialOffer - Provided Email 
13:46:50.070 [TestNG-tests-1] INFO  testCases.TC_025_SpecialOffer - Provided Password 
13:46:52.617 [TestNG-tests-1] INFO  testCases.TC_025_SpecialOffer - Clicked on Login
13:46:55.156 [TestNG-tests-1] INFO  testCases.TC_025_SpecialOffer - Click on Specials Link
13:46:58.306 [TestNG-tests-1] INFO  testCases.TC_025_SpecialOffer - Click on Add to Cart
13:47:02.391 [TestNG-tests-1] INFO  testCases.TC_025_SpecialOffer - Add to Cart
13:47:05.395 [AsyncHttpClient-1-9] TRACE io.netty.handler.codec.http.websocketx.WebSocket08FrameEncoder - Encoding WebSocket Frame opCode=8 length=26
13:47:07.831 [TestNG-tests-1] INFO  testCases.TC_026_HeaderMenuFooterOptions - Launched chrome Browser
13:47:07.850 [TestNG-tests-1] INFO  testCases.TC_026_HeaderMenuFooterOptions -  Starting TC_026_HeaderMenuFooterOptions
13:47:10.652 [TestNG-tests-1] INFO  testCases.TC_026_HeaderMenuFooterOptions - Home Page Displayed 
13:47:12.576 [TestNG-tests-1] INFO  testCases.TC_026_HeaderMenuFooterOptions - Click on footer option: Brands link
13:47:15.977 [TestNG-tests-1] INFO  testCases.TC_026_HeaderMenuFooterOptions - Click on Product Cannon
13:47:18.067 [TestNG-tests-1] INFO  testCases.TC_026_HeaderMenuFooterOptions - Click on Product on Grid format
13:47:20.158 [TestNG-tests-1] INFO  testCases.TC_026_HeaderMenuFooterOptions - Click on Product Compare
13:47:22.168 [TestNG-tests-1] INFO  testCases.TC_026_HeaderMenuFooterOptions - Finished TC_026_HeaderMenuFooterOptions
13:47:22.174 [AsyncHttpClient-1-4] TRACE io.netty.handler.codec.http.websocketx.WebSocket08FrameEncoder - Encoding WebSocket Frame opCode=8 length=26
13:47:24.840 [TestNG-tests-1] INFO  testCases.TC_027_GiftCertificate - Launched chrome Browser
13:47:24.853 [TestNG-tests-1] INFO  testCases.TC_027_GiftCertificate -  Starting TC_027_GiftCerticate
13:47:27.586 [TestNG-tests-1] INFO  testCases.TC_027_GiftCertificate - Home Page Displayed 
13:47:29.337 [TestNG-tests-1] INFO  testCases.TC_027_GiftCertificate - Click on footer option: Gift Certicate link
13:47:31.465 [TestNG-tests-1] INFO  testCases.TC_027_GiftCertificate - Enter the Recipient's Name
13:47:31.632 [TestNG-tests-1] INFO  testCases.TC_027_GiftCertificate - Enter the Recipient's email
13:47:31.767 [TestNG-tests-1] INFO  testCases.TC_027_GiftCertificate - Enter the Your Name
13:47:33.881 [TestNG-tests-1] INFO  testCases.TC_027_GiftCertificate - Enter the Your Email
13:47:33.970 [TestNG-tests-1] INFO  testCases.TC_027_GiftCertificate - click on Christmas Radio Button
13:47:34.094 [TestNG-tests-1] INFO  testCases.TC_027_GiftCertificate - click on Message
13:47:36.287 [TestNG-tests-1] INFO  testCases.TC_027_GiftCertificate - click on Amount
13:47:38.397 [TestNG-tests-1] INFO  testCases.TC_027_GiftCertificate - click on Agree Check Box
13:47:42.878 [TestNG-tests-1] INFO  testCases.TC_027_GiftCertificate - click on Continue Button
13:47:44.888 [TestNG-tests-1] INFO  testCases.TC_027_GiftCertificate - Finished TC_027_GiftCertificate
13:47:44.890 [AsyncHttpClient-1-7] TRACE io.netty.handler.codec.http.websocketx.WebSocket08FrameEncoder - Encoding WebSocket Frame opCode=8 length=26
13:47:47.416 [TestNG-tests-1] INFO  testCases.TC_028_Currency - Launched chrome Browser
13:47:47.438 [TestNG-tests-1] INFO  testCases.TC_028_Currency -  Starting TC_027_GiftCerticate
13:47:50.493 [TestNG-tests-1] INFO  testCases.TC_028_Currency - Home Page Displayed 
13:47:51.096 [TestNG-tests-1] INFO  testCases.TC_028_Currency - Clcik on currency
13:47:56.678 [TestNG-tests-1] INFO  testCases.TC_028_Currency - Clcik on US Dollar
13:48:01.685 [TestNG-tests-1] INFO  testCases.TC_028_Currency - Finsihed TC_028_Currency
13:48:01.689 [AsyncHttpClient-1-2] TRACE io.netty.handler.codec.http.websocketx.WebSocket08FrameEncoder - Encoding WebSocket Frame opCode=8 length=26
13:48:03.576 [AsyncHttpClient-1-4] DEBUG io.netty.buffer.PoolThreadCache - Freed 30 thread-local buffer(s) from thread: AsyncHttpClient-1-4
13:48:03.577 [AsyncHttpClient-1-5] DEBUG io.netty.buffer.PoolThreadCache - Freed 36 thread-local buffer(s) from thread: AsyncHttpClient-1-5
13:48:03.577 [AsyncHttpClient-1-3] DEBUG io.netty.buffer.PoolThreadCache - Freed 30 thread-local buffer(s) from thread: AsyncHttpClient-1-3
13:48:03.580 [AsyncHttpClient-1-6] DEBUG io.netty.buffer.PoolThreadCache - Freed 26 thread-local buffer(s) from thread: AsyncHttpClient-1-6
13:48:03.580 [AsyncHttpClient-1-7] DEBUG io.netty.buffer.PoolThreadCache - Freed 26 thread-local buffer(s) from thread: AsyncHttpClient-1-7
10:31:26.603 [TestNG-tests-1] DEBUG io.netty.util.internal.logging.InternalLoggerFactory - Using Log4J2 as the default logging framework
10:31:26.627 [TestNG-tests-1] DEBUG io.netty.util.ResourceLeakDetector - -Dio.netty.leakDetection.level: simple
10:31:26.627 [TestNG-tests-1] DEBUG io.netty.util.ResourceLeakDetector - -Dio.netty.leakDetection.targetRecords: 4
10:31:26.634 [TestNG-tests-1] DEBUG io.netty.util.ResourceLeakDetectorFactory - Loaded default ResourceLeakDetector: io.netty.util.ResourceLeakDetector@bb0865f
10:31:26.664 [TestNG-tests-1] DEBUG io.netty.util.internal.PlatformDependent - Platform: Windows
10:31:26.668 [TestNG-tests-1] DEBUG io.netty.util.internal.PlatformDependent0 - -Dio.netty.noUnsafe: false
10:31:26.668 [TestNG-tests-1] DEBUG io.netty.util.internal.PlatformDependent0 - Java version: 16
10:31:26.670 [TestNG-tests-1] DEBUG io.netty.util.internal.PlatformDependent0 - sun.misc.Unsafe.theUnsafe: available
10:31:26.671 [TestNG-tests-1] DEBUG io.netty.util.internal.PlatformDependent0 - sun.misc.Unsafe.copyMemory: available
10:31:26.673 [TestNG-tests-1] DEBUG io.netty.util.internal.PlatformDependent0 - java.nio.Buffer.address: available
10:31:26.674 [TestNG-tests-1] DEBUG io.netty.util.internal.PlatformDependent0 - direct buffer constructor: unavailable
java.lang.UnsupportedOperationException: Reflective setAccessible(true) disabled
	at io.netty.util.internal.ReflectionUtil.trySetAccessible(ReflectionUtil.java:31) ~[netty-common-4.1.58.Final.jar:4.1.58.Final]
	at io.netty.util.internal.PlatformDependent0$4.run(PlatformDependent0.java:238) ~[netty-common-4.1.58.Final.jar:4.1.58.Final]
	at java.security.AccessController.doPrivileged(AccessController.java:312) ~[?:?]
	at io.netty.util.internal.PlatformDependent0.<clinit>(PlatformDependent0.java:232) ~[netty-common-4.1.58.Final.jar:4.1.58.Final]
	at io.netty.util.internal.PlatformDependent.isAndroid(PlatformDependent.java:293) ~[netty-common-4.1.58.Final.jar:4.1.58.Final]
	at io.netty.util.internal.PlatformDependent.<clinit>(PlatformDependent.java:92) ~[netty-common-4.1.58.Final.jar:4.1.58.Final]
	at io.netty.util.HashedWheelTimer.<init>(HashedWheelTimer.java:109) ~[netty-common-4.1.58.Final.jar:4.1.58.Final]
	at io.netty.util.HashedWheelTimer.<init>(HashedWheelTimer.java:218) ~[netty-common-4.1.58.Final.jar:4.1.58.Final]
	at io.netty.util.HashedWheelTimer.<init>(HashedWheelTimer.java:197) ~[netty-common-4.1.58.Final.jar:4.1.58.Final]
	at org.asynchttpclient.DefaultAsyncHttpClient.newNettyTimer(DefaultAsyncHttpClient.java:111) ~[async-http-client-2.12.2.jar:?]
	at org.asynchttpclient.DefaultAsyncHttpClient.<init>(DefaultAsyncHttpClient.java:90) ~[async-http-client-2.12.2.jar:?]
	at org.asynchttpclient.Dsl.asyncHttpClient(Dsl.java:32) ~[async-http-client-2.12.2.jar:?]
	at org.openqa.selenium.remote.http.netty.NettyClient.createHttpClient(NettyClient.java:98) ~[selenium-remote-driver-4.0.0-beta-2.jar:?]
	at org.openqa.selenium.remote.http.netty.NettyClient.<clinit>(NettyClient.java:51) ~[selenium-remote-driver-4.0.0-beta-2.jar:?]
	at org.openqa.selenium.remote.http.netty.NettyClient$Factory.createClient(NettyClient.java:147) ~[selenium-remote-driver-4.0.0-beta-2.jar:?]
	at org.openqa.selenium.remote.HttpCommandExecutor.<init>(HttpCommandExecutor.java:110) ~[selenium-remote-driver-4.0.0-beta-2.jar:?]
	at org.openqa.selenium.remote.HttpCommandExecutor.<init>(HttpCommandExecutor.java:96) ~[selenium-remote-driver-4.0.0-beta-2.jar:?]
	at org.openqa.selenium.remote.HttpCommandExecutor.<init>(HttpCommandExecutor.java:86) ~[selenium-remote-driver-4.0.0-beta-2.jar:?]
	at org.openqa.selenium.remote.service.DriverCommandExecutor.<init>(DriverCommandExecutor.java:68) ~[selenium-remote-driver-4.0.0-beta-2.jar:?]
	at org.openqa.selenium.chromium.ChromiumDriverCommandExecutor.<init>(ChromiumDriverCommandExecutor.java:78) ~[selenium-chromium-driver-4.0.0-beta-2.jar:?]
	at org.openqa.selenium.chrome.ChromeDriver.<init>(ChromeDriver.java:99) ~[selenium-chrome-driver-4.0.0-beta-2.jar:?]
	at org.openqa.selenium.chrome.ChromeDriver.<init>(ChromeDriver.java:86) ~[selenium-chrome-driver-4.0.0-beta-2.jar:?]
	at org.openqa.selenium.chrome.ChromeDriver.<init>(ChromeDriver.java:41) ~[selenium-chrome-driver-4.0.0-beta-2.jar:?]
	at testBase.BaseClass.setup(BaseClass.java:42) ~[test-classes/:?]
	at jdk.internal.reflect.NativeMethodAccessorImpl.invoke0(Native Method) ~[?:?]
	at jdk.internal.reflect.NativeMethodAccessorImpl.invoke(NativeMethodAccessorImpl.java:78) ~[?:?]
	at jdk.internal.reflect.DelegatingMethodAccessorImpl.invoke(DelegatingMethodAccessorImpl.java:43) ~[?:?]
	at java.lang.reflect.Method.invoke(Method.java:567) ~[?:?]
	at org.testng.internal.MethodInvocationHelper.invokeMethod(MethodInvocationHelper.java:132) ~[testng-7.3.0.jar:?]
	at org.testng.internal.MethodInvocationHelper.invokeMethodConsideringTimeout(MethodInvocationHelper.java:61) ~[testng-7.3.0.jar:?]
	at org.testng.internal.ConfigInvoker.invokeConfigurationMethod(ConfigInvoker.java:366) ~[testng-7.3.0.jar:?]
	at org.testng.internal.ConfigInvoker.invokeConfigurations(ConfigInvoker.java:320) ~[testng-7.3.0.jar:?]
	at org.testng.internal.TestMethodWorker.invokeBeforeClassMethods(TestMethodWorker.java:176) ~[testng-7.3.0.jar:?]
	at org.testng.internal.TestMethodWorker.run(TestMethodWorker.java:122) ~[testng-7.3.0.jar:?]
	at java.util.ArrayList.forEach(ArrayList.java:1511) ~[?:?]
	at org.testng.TestRunner.privateRun(TestRunner.java:764) ~[testng-7.3.0.jar:?]
	at org.testng.TestRunner.run(TestRunner.java:585) ~[testng-7.3.0.jar:?]
	at org.testng.SuiteRunner.runTest(SuiteRunner.java:384) ~[testng-7.3.0.jar:?]
	at org.testng.SuiteRunner.access$000(SuiteRunner.java:28) ~[testng-7.3.0.jar:?]
	at org.testng.SuiteRunner$SuiteWorker.run(SuiteRunner.java:425) ~[testng-7.3.0.jar:?]
	at org.testng.internal.thread.ThreadUtil.lambda$execute$0(ThreadUtil.java:66) ~[testng-7.3.0.jar:?]
	at java.util.concurrent.FutureTask.run(FutureTask.java:264) [?:?]
	at java.util.concurrent.ThreadPoolExecutor.runWorker(ThreadPoolExecutor.java:1130) [?:?]
	at java.util.concurrent.ThreadPoolExecutor$Worker.run(ThreadPoolExecutor.java:630) [?:?]
	at java.lang.Thread.run(Thread.java:831) [?:?]
10:31:26.691 [TestNG-tests-1] DEBUG io.netty.util.internal.PlatformDependent0 - java.nio.Bits.unaligned: available, true
10:31:26.693 [TestNG-tests-1] DEBUG io.netty.util.internal.PlatformDependent0 - jdk.internal.misc.Unsafe.allocateUninitializedArray(int): unavailable
java.lang.IllegalAccessException: class io.netty.util.internal.PlatformDependent0$6 cannot access class jdk.internal.misc.Unsafe (in module java.base) because module java.base does not export jdk.internal.misc to unnamed module @548e7350
	at jdk.internal.reflect.Reflection.newIllegalAccessException(Reflection.java:385) ~[?:?]
	at java.lang.reflect.AccessibleObject.checkAccess(AccessibleObject.java:687) ~[?:?]
	at java.lang.reflect.Method.invoke(Method.java:559) ~[?:?]
	at io.netty.util.internal.PlatformDependent0$6.run(PlatformDependent0.java:352) ~[netty-common-4.1.58.Final.jar:4.1.58.Final]
	at java.security.AccessController.doPrivileged(AccessController.java:312) ~[?:?]
	at io.netty.util.internal.PlatformDependent0.<clinit>(PlatformDependent0.java:343) ~[netty-common-4.1.58.Final.jar:4.1.58.Final]
	at io.netty.util.internal.PlatformDependent.isAndroid(PlatformDependent.java:293) ~[netty-common-4.1.58.Final.jar:4.1.58.Final]
	at io.netty.util.internal.PlatformDependent.<clinit>(PlatformDependent.java:92) ~[netty-common-4.1.58.Final.jar:4.1.58.Final]
	at io.netty.util.HashedWheelTimer.<init>(HashedWheelTimer.java:109) ~[netty-common-4.1.58.Final.jar:4.1.58.Final]
	at io.netty.util.HashedWheelTimer.<init>(HashedWheelTimer.java:218) ~[netty-common-4.1.58.Final.jar:4.1.58.Final]
	at io.netty.util.HashedWheelTimer.<init>(HashedWheelTimer.java:197) ~[netty-common-4.1.58.Final.jar:4.1.58.Final]
	at org.asynchttpclient.DefaultAsyncHttpClient.newNettyTimer(DefaultAsyncHttpClient.java:111) ~[async-http-client-2.12.2.jar:?]
	at org.asynchttpclient.DefaultAsyncHttpClient.<init>(DefaultAsyncHttpClient.java:90) ~[async-http-client-2.12.2.jar:?]
	at org.asynchttpclient.Dsl.asyncHttpClient(Dsl.java:32) ~[async-http-client-2.12.2.jar:?]
	at org.openqa.selenium.remote.http.netty.NettyClient.createHttpClient(NettyClient.java:98) ~[selenium-remote-driver-4.0.0-beta-2.jar:?]
	at org.openqa.selenium.remote.http.netty.NettyClient.<clinit>(NettyClient.java:51) ~[selenium-remote-driver-4.0.0-beta-2.jar:?]
	at org.openqa.selenium.remote.http.netty.NettyClient$Factory.createClient(NettyClient.java:147) ~[selenium-remote-driver-4.0.0-beta-2.jar:?]
	at org.openqa.selenium.remote.HttpCommandExecutor.<init>(HttpCommandExecutor.java:110) ~[selenium-remote-driver-4.0.0-beta-2.jar:?]
	at org.openqa.selenium.remote.HttpCommandExecutor.<init>(HttpCommandExecutor.java:96) ~[selenium-remote-driver-4.0.0-beta-2.jar:?]
	at org.openqa.selenium.remote.HttpCommandExecutor.<init>(HttpCommandExecutor.java:86) ~[selenium-remote-driver-4.0.0-beta-2.jar:?]
	at org.openqa.selenium.remote.service.DriverCommandExecutor.<init>(DriverCommandExecutor.java:68) ~[selenium-remote-driver-4.0.0-beta-2.jar:?]
	at org.openqa.selenium.chromium.ChromiumDriverCommandExecutor.<init>(ChromiumDriverCommandExecutor.java:78) ~[selenium-chromium-driver-4.0.0-beta-2.jar:?]
	at org.openqa.selenium.chrome.ChromeDriver.<init>(ChromeDriver.java:99) ~[selenium-chrome-driver-4.0.0-beta-2.jar:?]
	at org.openqa.selenium.chrome.ChromeDriver.<init>(ChromeDriver.java:86) ~[selenium-chrome-driver-4.0.0-beta-2.jar:?]
	at org.openqa.selenium.chrome.ChromeDriver.<init>(ChromeDriver.java:41) ~[selenium-chrome-driver-4.0.0-beta-2.jar:?]
	at testBase.BaseClass.setup(BaseClass.java:42) ~[test-classes/:?]
	at jdk.internal.reflect.NativeMethodAccessorImpl.invoke0(Native Method) ~[?:?]
	at jdk.internal.reflect.NativeMethodAccessorImpl.invoke(NativeMethodAccessorImpl.java:78) ~[?:?]
	at jdk.internal.reflect.DelegatingMethodAccessorImpl.invoke(DelegatingMethodAccessorImpl.java:43) ~[?:?]
	at java.lang.reflect.Method.invoke(Method.java:567) ~[?:?]
	at org.testng.internal.MethodInvocationHelper.invokeMethod(MethodInvocationHelper.java:132) ~[testng-7.3.0.jar:?]
	at org.testng.internal.MethodInvocationHelper.invokeMethodConsideringTimeout(MethodInvocationHelper.java:61) ~[testng-7.3.0.jar:?]
	at org.testng.internal.ConfigInvoker.invokeConfigurationMethod(ConfigInvoker.java:366) ~[testng-7.3.0.jar:?]
	at org.testng.internal.ConfigInvoker.invokeConfigurations(ConfigInvoker.java:320) ~[testng-7.3.0.jar:?]
	at org.testng.internal.TestMethodWorker.invokeBeforeClassMethods(TestMethodWorker.java:176) ~[testng-7.3.0.jar:?]
	at org.testng.internal.TestMethodWorker.run(TestMethodWorker.java:122) ~[testng-7.3.0.jar:?]
	at java.util.ArrayList.forEach(ArrayList.java:1511) ~[?:?]
	at org.testng.TestRunner.privateRun(TestRunner.java:764) ~[testng-7.3.0.jar:?]
	at org.testng.TestRunner.run(TestRunner.java:585) ~[testng-7.3.0.jar:?]
	at org.testng.SuiteRunner.runTest(SuiteRunner.java:384) ~[testng-7.3.0.jar:?]
	at org.testng.SuiteRunner.access$000(SuiteRunner.java:28) ~[testng-7.3.0.jar:?]
	at org.testng.SuiteRunner$SuiteWorker.run(SuiteRunner.java:425) ~[testng-7.3.0.jar:?]
	at org.testng.internal.thread.ThreadUtil.lambda$execute$0(ThreadUtil.java:66) ~[testng-7.3.0.jar:?]
	at java.util.concurrent.FutureTask.run(FutureTask.java:264) [?:?]
	at java.util.concurrent.ThreadPoolExecutor.runWorker(ThreadPoolExecutor.java:1130) [?:?]
	at java.util.concurrent.ThreadPoolExecutor$Worker.run(ThreadPoolExecutor.java:630) [?:?]
	at java.lang.Thread.run(Thread.java:831) [?:?]
10:31:26.695 [TestNG-tests-1] DEBUG io.netty.util.internal.PlatformDependent0 - java.nio.DirectByteBuffer.<init>(long, int): unavailable
10:31:26.695 [TestNG-tests-1] DEBUG io.netty.util.internal.PlatformDependent - sun.misc.Unsafe: available
10:31:26.696 [TestNG-tests-1] DEBUG io.netty.util.internal.PlatformDependent - maxDirectMemory: 2084569088 bytes (maybe)
10:31:26.697 [TestNG-tests-1] DEBUG io.netty.util.internal.PlatformDependent - -Dio.netty.tmpdir: C:\Users\prabk\AppData\Local\Temp (java.io.tmpdir)
10:31:26.697 [TestNG-tests-1] DEBUG io.netty.util.internal.PlatformDependent - -Dio.netty.bitMode: 64 (sun.arch.data.model)
10:31:26.700 [TestNG-tests-1] DEBUG io.netty.util.internal.PlatformDependent - -Dio.netty.maxDirectMemory: -1 bytes
10:31:26.701 [TestNG-tests-1] DEBUG io.netty.util.internal.PlatformDependent - -Dio.netty.uninitializedArrayAllocationThreshold: -1
10:31:26.704 [TestNG-tests-1] DEBUG io.netty.util.internal.CleanerJava9 - java.nio.ByteBuffer.cleaner(): available
10:31:26.704 [TestNG-tests-1] DEBUG io.netty.util.internal.PlatformDependent - -Dio.netty.noPreferDirect: false
10:31:26.723 [TestNG-tests-1] DEBUG io.netty.util.internal.PlatformDependent - org.jctools-core.MpscChunkedArrayQueue: available
10:31:26.771 [TestNG-tests-1] DEBUG io.netty.util.internal.InternalThreadLocalMap - -Dio.netty.threadLocalMap.stringBuilder.initialSize: 1024
10:31:26.771 [TestNG-tests-1] DEBUG io.netty.util.internal.InternalThreadLocalMap - -Dio.netty.threadLocalMap.stringBuilder.maxSize: 4096
10:31:26.880 [TestNG-tests-1] DEBUG io.netty.handler.ssl.JdkSslContext - Default protocols (JDK): [TLSv1.3, TLSv1.2] 
10:31:26.880 [TestNG-tests-1] DEBUG io.netty.handler.ssl.JdkSslContext - Default cipher suites (JDK): [TLS_ECDHE_ECDSA_WITH_AES_256_GCM_SHA384, TLS_ECDHE_ECDSA_WITH_AES_128_GCM_SHA256, TLS_ECDHE_RSA_WITH_AES_128_GCM_SHA256, TLS_ECDHE_RSA_WITH_AES_256_GCM_SHA384, TLS_ECDHE_RSA_WITH_AES_128_CBC_SHA, TLS_ECDHE_RSA_WITH_AES_256_CBC_SHA, TLS_RSA_WITH_AES_128_GCM_SHA256, TLS_RSA_WITH_AES_128_CBC_SHA, TLS_RSA_WITH_AES_256_CBC_SHA, TLS_AES_128_GCM_SHA256, TLS_AES_256_GCM_SHA384]
10:31:26.946 [TestNG-tests-1] DEBUG io.netty.channel.MultithreadEventLoopGroup - -Dio.netty.eventLoopThreads: 16
10:31:26.968 [TestNG-tests-1] DEBUG io.netty.channel.nio.NioEventLoop - -Dio.netty.noKeySetOptimization: false
10:31:26.968 [TestNG-tests-1] DEBUG io.netty.channel.nio.NioEventLoop - -Dio.netty.selectorAutoRebuildThreshold: 512
10:31:26.996 [TestNG-tests-1] TRACE io.netty.channel.nio.NioEventLoop - instrumented a special java.util.Set into: sun.nio.ch.WindowsSelectorImpl@4efc4bbc
10:31:27.000 [TestNG-tests-1] TRACE io.netty.channel.nio.NioEventLoop - instrumented a special java.util.Set into: sun.nio.ch.WindowsSelectorImpl@2b40f877
10:31:27.003 [TestNG-tests-1] TRACE io.netty.channel.nio.NioEventLoop - instrumented a special java.util.Set into: sun.nio.ch.WindowsSelectorImpl@4b0d0997
10:31:27.007 [TestNG-tests-1] TRACE io.netty.channel.nio.NioEventLoop - instrumented a special java.util.Set into: sun.nio.ch.WindowsSelectorImpl@194e69a1
10:31:27.014 [TestNG-tests-1] TRACE io.netty.channel.nio.NioEventLoop - instrumented a special java.util.Set into: sun.nio.ch.WindowsSelectorImpl@f463432
10:31:27.018 [TestNG-tests-1] TRACE io.netty.channel.nio.NioEventLoop - instrumented a special java.util.Set into: sun.nio.ch.WindowsSelectorImpl@2369e6ed
10:31:27.021 [TestNG-tests-1] TRACE io.netty.channel.nio.NioEventLoop - instrumented a special java.util.Set into: sun.nio.ch.WindowsSelectorImpl@b12a6
10:31:27.025 [TestNG-tests-1] TRACE io.netty.channel.nio.NioEventLoop - instrumented a special java.util.Set into: sun.nio.ch.WindowsSelectorImpl@6a627067
10:31:27.029 [TestNG-tests-1] TRACE io.netty.channel.nio.NioEventLoop - instrumented a special java.util.Set into: sun.nio.ch.WindowsSelectorImpl@543b3ebd
10:31:27.034 [TestNG-tests-1] TRACE io.netty.channel.nio.NioEventLoop - instrumented a special java.util.Set into: sun.nio.ch.WindowsSelectorImpl@3809f459
10:31:27.037 [TestNG-tests-1] TRACE io.netty.channel.nio.NioEventLoop - instrumented a special java.util.Set into: sun.nio.ch.WindowsSelectorImpl@60cf5fdc
10:31:27.041 [TestNG-tests-1] TRACE io.netty.channel.nio.NioEventLoop - instrumented a special java.util.Set into: sun.nio.ch.WindowsSelectorImpl@1957eaea
10:31:27.044 [TestNG-tests-1] TRACE io.netty.channel.nio.NioEventLoop - instrumented a special java.util.Set into: sun.nio.ch.WindowsSelectorImpl@1494e1ab
10:31:27.048 [TestNG-tests-1] TRACE io.netty.channel.nio.NioEventLoop - instrumented a special java.util.Set into: sun.nio.ch.WindowsSelectorImpl@63c8645c
