<?xml version="1.0" encoding="UTF-8"?>
<!-- Generated by org.testng.reporters.JUnitXMLReporter -->
<testsuite ignored="0" hostname="PRab" failures="1" tests="2" name="open cart tests" time="29.181" errors="0" timestamp="2021-09-17T02:31:38 EDT">
  <testcase classname="testCases.TC_001_AccountRegistration" name="test_accout_Registration" time="5.579"/>
  <testcase classname="testCases.TC_002_LoginTest" name="test_Login" time="15.056">
    <failure type="java.lang.AssertionError" message="expected [true] but found [false]">
      <![CDATA[java.lang.AssertionError: expected [true] but found [false]
at testCases.TC_002_LoginTest.test_Login(TC_002_LoginTest.java:53)
at java.base/java.util.ArrayList.forEach(ArrayList.java:1511)
... Removed 31 stack frames]]>
    </failure>
  </testcase> <!-- test_Login -->
</testsuite> <!-- open cart tests -->
